#
# A fatal error has been detected by the Java Runtime Environment:
#
#  EXCEPTION_ACCESS_VIOLATION (0xc0000005) at pc=0x00007ff9825a03fc, pid=26636, tid=26796
#
# JRE version: Java(TM) SE Runtime Environment (20.0.2+9) (build 20.0.2+9-78)
# Java VM: Java HotSpot(TM) 64-Bit Server VM (20.0.2+9-78, mixed mode, sharing, tiered, compressed oops, compressed class ptrs, g1 gc, windows-amd64)
# Problematic frame:
# V  [jvm.dll+0x3c03fc]
#
# No core dump will be written. Minidumps are not enabled by default on client versions of Windows
#
# If you would like to submit a bug report, please visit:
#   https://bugreport.java.com/bugreport/crash.jsp
#

---------------  S U M M A R Y ------------

Command Line: -Dclassworlds.conf=C:/Users/resr/Downloads/apache-maven-3.9.4-bin/apache-maven-3.9.4/bin/m2.conf -Dmaven.home=C:/Users/resr/Downloads/apache-maven-3.9.4-bin/apache-maven-3.9.4 -Dlibrary.jansi.path=C:/Users/resr/Downloads/apache-maven-3.9.4-bin/apache-maven-3.9.4/lib/jansi-native -Dmaven.multiModuleProjectDirectory=C:/workspace/userService org.codehaus.plexus.classworlds.launcher.Launcher package -DTests=true

Host: Intel(R) Core(TM) i5-8365U CPU @ 1.60GHz, 8 cores, 15G,  Windows 11 , 64 bit Build 22000 (10.0.22000.2124)
Time: Wed Sep 20 14:54:39 2023 India Standard Time elapsed time: 1.571301 seconds (0d 0h 0m 1s)

---------------  T H R E A D  ---------------

Current thread (0x0000028a6e5d4750):  JavaThread "C2 CompilerThread1" daemon [_thread_in_native, id=26796, stack(0x000000e2e4100000,0x000000e2e4200000)]


Current CompileTask:
C2:   1571 2621   !   4       java.net.URL::<init> (543 bytes)

Stack: [0x000000e2e4100000,0x000000e2e4200000],  sp=0x000000e2e41fbb20,  free space=1006k
Native frames: (J=compiled Java code, j=interpreted, Vv=VM code, C=native code)
V  [jvm.dll+0x3c03fc]
V  [jvm.dll+0x3b9dab]
V  [jvm.dll+0x1e6f48]
V  [jvm.dll+0x24b67b]
V  [jvm.dll+0x24a921]
V  [jvm.dll+0x1ce761]
V  [jvm.dll+0x25a0eb]
V  [jvm.dll+0x2587c0]
V  [jvm.dll+0x3f2dd5]
V  [jvm.dll+0x7f5c76]
V  [jvm.dll+0x6baecb]
C  [ucrtbase.dll+0x26c0c]
C  [KERNEL32.DLL+0x155a0]
C  [ntdll.dll+0x485b]


siginfo: EXCEPTION_ACCESS_VIOLATION (0xc0000005), reading address 0x0000028a00000050


Registers:
RAX=0x0000028a6f18fca0, RBX=0x000000e2e41fbc60, RCX=0x0000028a6f18fce0, RDX=0x0000000000000068
RSP=0x000000e2e41fbb20, RBP=0x0000028a00000050, RSI=0x000000e2e41fe770, RDI=0x0000000000000010
R8 =0x0000000005555455, R9 =0x000000e2e41fbde0, R10=0x00007ff982d20ae0, R11=0x0000000000000000
R12=0x0000028a6e256c90, R13=0x0000000000000028, R14=0x0000000000000080, R15=0x0000028a6f1077e0
RIP=0x00007ff9825a03fc, EFLAGS=0x0000000000010202


Register to memory mapping:

RIP=0x00007ff9825a03fc jvm.dll
RAX=0x0000028a6f18fca0 points into unknown readable memory: 0x0000028a6f18fcc0 | c0 fc 18 6f 8a 02 00 00
RBX=0x000000e2e41fbc60 is pointing into the stack for thread: 0x0000028a6e5d4750
RCX=0x0000028a6f18fce0 points into unknown readable memory: 0x0000000000000000 | 00 00 00 00 00 00 00 00
RDX=0x0000000000000068 is an unknown value
RSP=0x000000e2e41fbb20 is pointing into the stack for thread: 0x0000028a6e5d4750
RBP=0x0000028a00000050 is an unknown value
RSI=0x000000e2e41fe770 is pointing into the stack for thread: 0x0000028a6e5d4750
RDI=0x0000000000000010 is an unknown value
R8 =0x0000000005555455 is an unknown value
R9 =0x000000e2e41fbde0 is pointing into the stack for thread: 0x0000028a6e5d4750
R10=0x00007ff982d20ae0 jvm.dll
R11=0x0 is NULL
R12=0x0000028a6e256c90 points into unknown readable memory: 0x0000028a6e10cac0 | c0 ca 10 6e 8a 02 00 00
R13=0x0000000000000028 is an unknown value
R14=0x0000000000000080 is an unknown value
R15=0x0000028a6f1077e0 points into unknown readable memory: 0x0000001000000009 | 09 00 00 00 10 00 00 00


Top of Stack: (sp=0x000000e2e41fbb20)
0x000000e2e41fbb20:   0000000000000000 0000000200000f53
0x000000e2e41fbb30:   0000001000000010 00007ff9827de649
0x000000e2e41fbb40:   0000028a6f494340 0000000000000000
0x000000e2e41fbb50:   0000028a6f45cce8 0000028a6f4944a0
0x000000e2e41fbb60:   000000e2e41fc230 00007ff982599dab
0x000000e2e41fbb70:   000000e2e41fbc70 0000000000000007
0x000000e2e41fbb80:   0000000000000003 00007ffa05100e9e
0x000000e2e41fbb90:   000000e2e41fbbb0 00007ff900000006
0x000000e2e41fbba0:   0000000300000003 0000028a6f4944c0
0x000000e2e41fbbb0:   0000000300000000 0000000e00000000
0x000000e2e41fbbc0:   0000000000000000 0000028a00000007
0x000000e2e41fbbd0:   0000028a6f039548 0000000000000002
0x000000e2e41fbbe0:   0000000300000007 0000000d00000007
0x000000e2e41fbbf0:   0000000000000000 0000028a6f494340
0x000000e2e41fbc00:   00000003000000eb 0000000000000000
0x000000e2e41fbc10:   0000000000000000 0000000200000f53
0x000000e2e41fbc20:   0000001000000010 0000028a6f190b80
0x000000e2e41fbc30:   000000e2e41fbc70 000000e2e41fbc60
0x000000e2e41fbc40:   0000028a6f49450c 0000028a6f494514
0x000000e2e41fbc50:   0000028a6f039574 00007ff9822a2c9c
0x000000e2e41fbc60:   0000001000000009 0000028a6e361520
0x000000e2e41fbc70:   0000028a6f191a40 0000028a6f190da0
0x000000e2e41fbc80:   00007ff982d92260 00007ff982d92260
0x000000e2e41fbc90:   00007ff982d92260 00007ff982d92260
0x000000e2e41fbca0:   00007ff982d92260 0000028a6f925e00
0x000000e2e41fbcb0:   0000028a6f190080 00007ff982d92260
0x000000e2e41fbcc0:   00007ff982d92260 00007ff982d92260
0x000000e2e41fbcd0:   00007ff982d92260 00007ff982d92260
0x000000e2e41fbce0:   00007ff982d92260 0000028a6f190b80
0x000000e2e41fbcf0:   0000000000000050 0000028a6f0589f8
0x000000e2e41fbd00:   0000028a6e100000 0000000000000000
0x000000e2e41fbd10:   0000000000000300 0000028a6e5b1e00 

Instructions: (pc=0x00007ff9825a03fc)
0x00007ff9825a02fc:   8b 93 90 00 00 00 b8 28 00 00 00 44 8b e8 48 c1
0x00007ff9825a030c:   e2 03 48 8b 04 07 48 8b 88 48 05 00 00 48 8b 81
0x00007ff9825a031c:   80 00 00 00 4c 8b 88 c0 08 00 00 49 8b 49 18 49
0x00007ff9825a032c:   8b 41 20 48 2b c1 48 3b c2 72 0a 48 8d 04 11 49
0x00007ff9825a033c:   89 41 18 eb 0e 45 33 c0 49 8b c9 e8 44 2a d0 ff
0x00007ff9825a034c:   48 8b c8 ba 68 00 00 00 33 ff 48 89 4b 08 39 bb
0x00007ff9825a035c:   90 00 00 00 0f 86 d6 00 00 00 65 48 8b 04 25 58
0x00007ff9825a036c:   00 00 00 48 8d 0d ea 1e 7f 00 48 89 6c 24 50 4c
0x00007ff9825a037c:   89 64 24 58 4c 89 74 24 60 4c 8d 24 f0 0f 1f 80
0x00007ff9825a038c:   00 00 00 00 49 8b 47 08 4c 8d 34 fd 00 00 00 00
0x00007ff9825a039c:   49 8b 2c 06 48 3b e9 75 0a 48 8b 43 08 49 89 0c
0x00007ff9825a03ac:   06 eb 6b 49 8b 34 24 80 3c 16 00 75 05 e8 62 6a
0x00007ff9825a03bc:   4e 00 4a 8b 04 2e 48 8b 88 48 05 00 00 48 8b b1
0x00007ff9825a03cc:   80 00 00 00 48 8b 8e c8 08 00 00 48 85 c9 75 0c
0x00007ff9825a03dc:   e8 af 0a 00 00 48 8b 8e c8 08 00 00 48 8b 01 0f
0x00007ff9825a03ec:   57 c0 48 89 86 c8 08 00 00 0f 11 01 0f 11 41 10
0x00007ff9825a03fc:   0f 10 45 00 0f 11 01 0f 10 4d 10 0f 11 49 10 48
0x00007ff9825a040c:   8b 43 08 49 89 0c 06 48 8d 0d 46 1e 7f 00 ff c7
0x00007ff9825a041c:   ba 68 00 00 00 3b bb 90 00 00 00 0f 82 63 ff ff
0x00007ff9825a042c:   ff 4c 8b 74 24 60 4c 8b 64 24 58 48 8b 6c 24 50
0x00007ff9825a043c:   48 8b c3 48 83 c4 20 41 5f 41 5d 5f 5e 5b c3 cc
0x00007ff9825a044c:   cc cc cc cc 48 89 74 24 18 57 48 83 ec 20 8b 51
0x00007ff9825a045c:   0c 48 8b f9 83 fa 04 73 29 48 8b 49 18 0f 1f 80
0x00007ff9825a046c:   00 00 00 00 8b c2 44 8d 4a 01 48 83 3c c1 00 4c
0x00007ff9825a047c:   8d 14 c1 0f 85 91 00 00 00 41 8b d1 41 83 f9 04
0x00007ff9825a048c:   72 e2 48 89 5c 24 30 8b 5f 10 48 89 6c 24 38 3b
0x00007ff9825a049c:   5f 14 73 5f 48 8d 2d b9 1d 7f 00 66 0f 1f 84 00
0x00007ff9825a04ac:   00 00 00 00 48 8b 47 20 8b cb 48 8b 14 c8 48 3b
0x00007ff9825a04bc:   d5 74 39 33 c0 48 89 57 18 33 c9 66 0f 1f 84 00
0x00007ff9825a04cc:   00 00 00 00 48 83 3c 11 00 44 8d 48 01 75 78 48
0x00007ff9825a04dc:   83 c1 08 41 8b c1 41 83 f9 04 72 e8 48 8b 4f 28
0x00007ff9825a04ec:   48 85 c9 74 07 8b d3 e8 58 01 00 00 ff c3 3b 5f 


Stack slot to memory mapping:
stack at sp + 0 slots: 0x0 is NULL
stack at sp + 1 slots: 0x0000000200000f53 is an unknown value
stack at sp + 2 slots: 0x0000001000000010 is an unknown value
stack at sp + 3 slots: 0x00007ff9827de649 jvm.dll
stack at sp + 4 slots: 0x0000028a6f494340 points into unknown readable memory: 0x00007ff982b26ba0 | a0 6b b2 82 f9 7f 00 00
stack at sp + 5 slots: 0x0 is NULL
stack at sp + 6 slots: 0x0000028a6f45cce8 points into unknown readable memory: 0x00007ff982b22980 | 80 29 b2 82 f9 7f 00 00
stack at sp + 7 slots: 0x0000028a6f4944a0 points into unknown readable memory: 0x00007ff982b26ba0 | a0 6b b2 82 f9 7f 00 00


---------------  P R O C E S S  ---------------

Threads class SMR info:
_java_thread_list=0x0000028a6edb90d0, length=13, elements={
0x0000028a08f8be10, 0x0000028a28d158f0, 0x0000028a28d16230, 0x0000028a28d17310,
0x0000028a28d1c3a0, 0x0000028a28d1ce10, 0x0000028a28d1d880, 0x0000028a28d1fc40,
0x0000028a28d225f0, 0x0000028a6e1041c0, 0x0000028a6e114e00, 0x0000028a6e5d4750,
0x0000028a6ed04f90
}

Java Threads: ( => current thread )
  0x0000028a08f8be10 JavaThread "main" [_thread_in_native, id=32500, stack(0x000000e2e2f00000,0x000000e2e3000000)]
  0x0000028a28d158f0 JavaThread "Reference Handler" daemon [_thread_blocked, id=30224, stack(0x000000e2e3600000,0x000000e2e3700000)]
  0x0000028a28d16230 JavaThread "Finalizer" daemon [_thread_blocked, id=10260, stack(0x000000e2e3700000,0x000000e2e3800000)]
  0x0000028a28d17310 JavaThread "Signal Dispatcher" daemon [_thread_blocked, id=31300, stack(0x000000e2e3800000,0x000000e2e3900000)]
  0x0000028a28d1c3a0 JavaThread "Attach Listener" daemon [_thread_blocked, id=20676, stack(0x000000e2e3900000,0x000000e2e3a00000)]
  0x0000028a28d1ce10 JavaThread "Service Thread" daemon [_thread_blocked, id=5732, stack(0x000000e2e3a00000,0x000000e2e3b00000)]
  0x0000028a28d1d880 JavaThread "Monitor Deflation Thread" daemon [_thread_blocked, id=31884, stack(0x000000e2e3b00000,0x000000e2e3c00000)]
  0x0000028a28d1fc40 JavaThread "C2 CompilerThread0" daemon [_thread_in_native, id=9688, stack(0x000000e2e3c00000,0x000000e2e3d00000)]
  0x0000028a28d225f0 JavaThread "C1 CompilerThread0" daemon [_thread_blocked, id=26056, stack(0x000000e2e3d00000,0x000000e2e3e00000)]
  0x0000028a6e1041c0 JavaThread "Notification Thread" daemon [_thread_blocked, id=8204, stack(0x000000e2e3e00000,0x000000e2e3f00000)]
  0x0000028a6e114e00 JavaThread "Common-Cleaner" daemon [_thread_blocked, id=31724, stack(0x000000e2e4000000,0x000000e2e4100000)]
=>0x0000028a6e5d4750 JavaThread "C2 CompilerThread1" daemon [_thread_in_native, id=26796, stack(0x000000e2e4100000,0x000000e2e4200000)]
  0x0000028a6ed04f90 JavaThread "C2 CompilerThread2" daemon [_thread_in_native, id=9696, stack(0x000000e2e4200000,0x000000e2e4300000)]

Other Threads:
  0x0000028a28cf47c0 VMThread "VM Thread" [stack: 0x000000e2e3500000,0x000000e2e3600000] [id=30840]
  0x0000028a6e10eb30 WatcherThread "VM Periodic Task Thread" [stack: 0x000000e2e3f00000,0x000000e2e4000000] [id=8764]
  0x0000028a08ffbc60 WorkerThread "GC Thread#0" [stack: 0x000000e2e3000000,0x000000e2e3100000] [id=18592]
  0x0000028a6f0e42e0 WorkerThread "GC Thread#1" [stack: 0x000000e2e4300000,0x000000e2e4400000] [id=19512]
  0x0000028a6f0e45b0 WorkerThread "GC Thread#2" [stack: 0x000000e2e4400000,0x000000e2e4500000] [id=9640]
  0x0000028a6f0e4880 WorkerThread "GC Thread#3" [stack: 0x000000e2e4500000,0x000000e2e4600000] [id=2452]
  0x0000028a6ed29110 WorkerThread "GC Thread#4" [stack: 0x000000e2e4600000,0x000000e2e4700000] [id=8972]
  0x0000028a6f0bca30 WorkerThread "GC Thread#5" [stack: 0x000000e2e4700000,0x000000e2e4800000] [id=26944]
  0x0000028a6f0bcd00 WorkerThread "GC Thread#6" [stack: 0x000000e2e4800000,0x000000e2e4900000] [id=24164]
  0x0000028a6f0bdde0 WorkerThread "GC Thread#7" [stack: 0x000000e2e4900000,0x000000e2e4a00000] [id=3472]
  0x0000028a0900c770 ConcurrentGCThread "G1 Main Marker" [stack: 0x000000e2e3100000,0x000000e2e3200000] [id=24196]
  0x0000028a0900d3a0 WorkerThread "G1 Conc#0" [stack: 0x000000e2e3200000,0x000000e2e3300000] [id=9052]
  0x0000028a0904e650 ConcurrentGCThread "G1 Refine#0" [stack: 0x000000e2e3300000,0x000000e2e3400000] [id=5236]
  0x0000028a28bb16b0 ConcurrentGCThread "G1 Service" [stack: 0x000000e2e3400000,0x000000e2e3500000] [id=6504]

Threads with active compile tasks:
C2 CompilerThread0     1680 2873       4       jdk.internal.misc.InternalLock::lock (8 bytes)
C1 CompilerThread0     1680 2883       3       org.apache.maven.model.Plugin::getDependencies (23 bytes)
C2 CompilerThread1     1680 2621   !   4       java.net.URL::<init> (543 bytes)
C2 CompilerThread2     1680 2834       4       java.util.HashMap::resize (356 bytes)

VM state: not at safepoint (normal execution)

VM Mutex/Monitor currently owned by a thread:  ([mutex/lock_event])
[0x0000028a08f87dc0] MethodCompileQueue_lock - owner thread: 0x0000028a6ed04f90

Heap address: 0x0000000703000000, size: 4048 MB, Compressed Oops mode: Zero based, Oop shift amount: 3

CDS archive(s) mapped at: [0x0000028a29000000-0x0000028a29c60000-0x0000028a29c60000), size 12976128, SharedBaseAddress: 0x0000028a29000000, ArchiveRelocationMode: 1.
Compressed class space mapped at: 0x0000028a2a000000-0x0000028a6a000000, reserved size: 1073741824
Narrow klass base: 0x0000028a29000000, Narrow klass shift: 0, Narrow klass range: 0x100000000

GC Precious Log:
 CardTable entry size: 512
 Card Set container configuration: InlinePtr #cards 4 size 8 Array Of Cards #cards 16 size 48 Howl #buckets 8 coarsen threshold 3686 Howl Bitmap #cards 512 size 80 coarsen threshold 460 Card regions per heap region 1 cards per card region 4096
 CPUs: 8 total, 8 available
 Memory: 16190M
 Large Page Support: Disabled
 NUMA Support: Disabled
 Compressed Oops: Enabled (Zero based)
 Heap Region Size: 2M
 Heap Min Capacity: 8M
 Heap Initial Capacity: 254M
 Heap Max Capacity: 4048M
 Pre-touch: Disabled
 Parallel Workers: 8
 Concurrent Workers: 2
 Concurrent Refinement Workers: 8
 Periodic GC: Disabled

Heap:
 garbage-first heap   total 260096K, used 28561K [0x0000000703000000, 0x0000000800000000)
  region size 2048K, 14 young (28672K), 2 survivors (4096K)
 Metaspace       used 14858K, committed 15040K, reserved 1114112K
  class space    used 1752K, committed 1856K, reserved 1048576K

Heap Regions: E=young(eden), S=young(survivor), O=old, HS=humongous(starts), HC=humongous(continues), CS=collection set, F=free, OA=open archive, CA=closed archive, TAMS=top-at-mark-start, PB=parsable bottom
|   0|0x0000000703000000, 0x0000000703200000, 0x0000000703200000|100%| O|  |TAMS 0x0000000703000000| PB 0x0000000703000000| Untracked 
|   1|0x0000000703200000, 0x0000000703398c00, 0x0000000703400000| 79%| O|  |TAMS 0x0000000703200000| PB 0x0000000703200000| Untracked 
|   2|0x0000000703400000, 0x0000000703400000, 0x0000000703600000|  0%| F|  |TAMS 0x0000000703400000| PB 0x0000000703400000| Untracked 
|   3|0x0000000703600000, 0x0000000703600000, 0x0000000703800000|  0%| F|  |TAMS 0x0000000703600000| PB 0x0000000703600000| Untracked 
|   4|0x0000000703800000, 0x0000000703800000, 0x0000000703a00000|  0%| F|  |TAMS 0x0000000703800000| PB 0x0000000703800000| Untracked 
|   5|0x0000000703a00000, 0x0000000703a00000, 0x0000000703c00000|  0%| F|  |TAMS 0x0000000703a00000| PB 0x0000000703a00000| Untracked 
|   6|0x0000000703c00000, 0x0000000703c00000, 0x0000000703e00000|  0%| F|  |TAMS 0x0000000703c00000| PB 0x0000000703c00000| Untracked 
|   7|0x0000000703e00000, 0x0000000703e00000, 0x0000000704000000|  0%| F|  |TAMS 0x0000000703e00000| PB 0x0000000703e00000| Untracked 
|   8|0x0000000704000000, 0x0000000704000000, 0x0000000704200000|  0%| F|  |TAMS 0x0000000704000000| PB 0x0000000704000000| Untracked 
|   9|0x0000000704200000, 0x0000000704200000, 0x0000000704400000|  0%| F|  |TAMS 0x0000000704200000| PB 0x0000000704200000| Untracked 
|  10|0x0000000704400000, 0x0000000704400000, 0x0000000704600000|  0%| F|  |TAMS 0x0000000704400000| PB 0x0000000704400000| Untracked 
|  11|0x0000000704600000, 0x0000000704600000, 0x0000000704800000|  0%| F|  |TAMS 0x0000000704600000| PB 0x0000000704600000| Untracked 
|  12|0x0000000704800000, 0x0000000704800000, 0x0000000704a00000|  0%| F|  |TAMS 0x0000000704800000| PB 0x0000000704800000| Untracked 
|  13|0x0000000704a00000, 0x0000000704a00000, 0x0000000704c00000|  0%| F|  |TAMS 0x0000000704a00000| PB 0x0000000704a00000| Untracked 
|  14|0x0000000704c00000, 0x0000000704c00000, 0x0000000704e00000|  0%| F|  |TAMS 0x0000000704c00000| PB 0x0000000704c00000| Untracked 
|  15|0x0000000704e00000, 0x0000000704e00000, 0x0000000705000000|  0%| F|  |TAMS 0x0000000704e00000| PB 0x0000000704e00000| Untracked 
|  16|0x0000000705000000, 0x0000000705000000, 0x0000000705200000|  0%| F|  |TAMS 0x0000000705000000| PB 0x0000000705000000| Untracked 
|  17|0x0000000705200000, 0x0000000705200000, 0x0000000705400000|  0%| F|  |TAMS 0x0000000705200000| PB 0x0000000705200000| Untracked 
|  18|0x0000000705400000, 0x0000000705400000, 0x0000000705600000|  0%| F|  |TAMS 0x0000000705400000| PB 0x0000000705400000| Untracked 
|  19|0x0000000705600000, 0x0000000705600000, 0x0000000705800000|  0%| F|  |TAMS 0x0000000705600000| PB 0x0000000705600000| Untracked 
|  20|0x0000000705800000, 0x0000000705800000, 0x0000000705a00000|  0%| F|  |TAMS 0x0000000705800000| PB 0x0000000705800000| Untracked 
|  21|0x0000000705a00000, 0x0000000705a00000, 0x0000000705c00000|  0%| F|  |TAMS 0x0000000705a00000| PB 0x0000000705a00000| Untracked 
|  22|0x0000000705c00000, 0x0000000705c00000, 0x0000000705e00000|  0%| F|  |TAMS 0x0000000705c00000| PB 0x0000000705c00000| Untracked 
|  23|0x0000000705e00000, 0x0000000705e00000, 0x0000000706000000|  0%| F|  |TAMS 0x0000000705e00000| PB 0x0000000705e00000| Untracked 
|  24|0x0000000706000000, 0x0000000706000000, 0x0000000706200000|  0%| F|  |TAMS 0x0000000706000000| PB 0x0000000706000000| Untracked 
|  25|0x0000000706200000, 0x0000000706200000, 0x0000000706400000|  0%| F|  |TAMS 0x0000000706200000| PB 0x0000000706200000| Untracked 
|  26|0x0000000706400000, 0x0000000706400000, 0x0000000706600000|  0%| F|  |TAMS 0x0000000706400000| PB 0x0000000706400000| Untracked 
|  27|0x0000000706600000, 0x0000000706600000, 0x0000000706800000|  0%| F|  |TAMS 0x0000000706600000| PB 0x0000000706600000| Untracked 
|  28|0x0000000706800000, 0x0000000706800000, 0x0000000706a00000|  0%| F|  |TAMS 0x0000000706800000| PB 0x0000000706800000| Untracked 
|  29|0x0000000706a00000, 0x0000000706a00000, 0x0000000706c00000|  0%| F|  |TAMS 0x0000000706a00000| PB 0x0000000706a00000| Untracked 
|  30|0x0000000706c00000, 0x0000000706c00000, 0x0000000706e00000|  0%| F|  |TAMS 0x0000000706c00000| PB 0x0000000706c00000| Untracked 
|  31|0x0000000706e00000, 0x0000000706e00000, 0x0000000707000000|  0%| F|  |TAMS 0x0000000706e00000| PB 0x0000000706e00000| Untracked 
|  32|0x0000000707000000, 0x0000000707000000, 0x0000000707200000|  0%| F|  |TAMS 0x0000000707000000| PB 0x0000000707000000| Untracked 
|  33|0x0000000707200000, 0x0000000707200000, 0x0000000707400000|  0%| F|  |TAMS 0x0000000707200000| PB 0x0000000707200000| Untracked 
|  34|0x0000000707400000, 0x0000000707400000, 0x0000000707600000|  0%| F|  |TAMS 0x0000000707400000| PB 0x0000000707400000| Untracked 
|  35|0x0000000707600000, 0x0000000707600000, 0x0000000707800000|  0%| F|  |TAMS 0x0000000707600000| PB 0x0000000707600000| Untracked 
|  36|0x0000000707800000, 0x0000000707800000, 0x0000000707a00000|  0%| F|  |TAMS 0x0000000707800000| PB 0x0000000707800000| Untracked 
|  37|0x0000000707a00000, 0x0000000707a00000, 0x0000000707c00000|  0%| F|  |TAMS 0x0000000707a00000| PB 0x0000000707a00000| Untracked 
|  38|0x0000000707c00000, 0x0000000707c00000, 0x0000000707e00000|  0%| F|  |TAMS 0x0000000707c00000| PB 0x0000000707c00000| Untracked 
|  39|0x0000000707e00000, 0x0000000707e00000, 0x0000000708000000|  0%| F|  |TAMS 0x0000000707e00000| PB 0x0000000707e00000| Untracked 
|  40|0x0000000708000000, 0x0000000708000000, 0x0000000708200000|  0%| F|  |TAMS 0x0000000708000000| PB 0x0000000708000000| Untracked 
|  41|0x0000000708200000, 0x0000000708200000, 0x0000000708400000|  0%| F|  |TAMS 0x0000000708200000| PB 0x0000000708200000| Untracked 
|  42|0x0000000708400000, 0x0000000708400000, 0x0000000708600000|  0%| F|  |TAMS 0x0000000708400000| PB 0x0000000708400000| Untracked 
|  43|0x0000000708600000, 0x0000000708600000, 0x0000000708800000|  0%| F|  |TAMS 0x0000000708600000| PB 0x0000000708600000| Untracked 
|  44|0x0000000708800000, 0x0000000708800000, 0x0000000708a00000|  0%| F|  |TAMS 0x0000000708800000| PB 0x0000000708800000| Untracked 
|  45|0x0000000708a00000, 0x0000000708a00000, 0x0000000708c00000|  0%| F|  |TAMS 0x0000000708a00000| PB 0x0000000708a00000| Untracked 
|  46|0x0000000708c00000, 0x0000000708c00000, 0x0000000708e00000|  0%| F|  |TAMS 0x0000000708c00000| PB 0x0000000708c00000| Untracked 
|  47|0x0000000708e00000, 0x0000000708e00000, 0x0000000709000000|  0%| F|  |TAMS 0x0000000708e00000| PB 0x0000000708e00000| Untracked 
|  48|0x0000000709000000, 0x0000000709000000, 0x0000000709200000|  0%| F|  |TAMS 0x0000000709000000| PB 0x0000000709000000| Untracked 
|  49|0x0000000709200000, 0x0000000709200000, 0x0000000709400000|  0%| F|  |TAMS 0x0000000709200000| PB 0x0000000709200000| Untracked 
|  50|0x0000000709400000, 0x0000000709400000, 0x0000000709600000|  0%| F|  |TAMS 0x0000000709400000| PB 0x0000000709400000| Untracked 
|  51|0x0000000709600000, 0x0000000709600000, 0x0000000709800000|  0%| F|  |TAMS 0x0000000709600000| PB 0x0000000709600000| Untracked 
|  52|0x0000000709800000, 0x0000000709800000, 0x0000000709a00000|  0%| F|  |TAMS 0x0000000709800000| PB 0x0000000709800000| Untracked 
|  53|0x0000000709a00000, 0x0000000709a00000, 0x0000000709c00000|  0%| F|  |TAMS 0x0000000709a00000| PB 0x0000000709a00000| Untracked 
|  54|0x0000000709c00000, 0x0000000709c00000, 0x0000000709e00000|  0%| F|  |TAMS 0x0000000709c00000| PB 0x0000000709c00000| Untracked 
|  55|0x0000000709e00000, 0x0000000709e00000, 0x000000070a000000|  0%| F|  |TAMS 0x0000000709e00000| PB 0x0000000709e00000| Untracked 
|  56|0x000000070a000000, 0x000000070a000000, 0x000000070a200000|  0%| F|  |TAMS 0x000000070a000000| PB 0x000000070a000000| Untracked 
|  57|0x000000070a200000, 0x000000070a200000, 0x000000070a400000|  0%| F|  |TAMS 0x000000070a200000| PB 0x000000070a200000| Untracked 
|  58|0x000000070a400000, 0x000000070a400000, 0x000000070a600000|  0%| F|  |TAMS 0x000000070a400000| PB 0x000000070a400000| Untracked 
|  59|0x000000070a600000, 0x000000070a600000, 0x000000070a800000|  0%| F|  |TAMS 0x000000070a600000| PB 0x000000070a600000| Untracked 
|  60|0x000000070a800000, 0x000000070a800000, 0x000000070aa00000|  0%| F|  |TAMS 0x000000070a800000| PB 0x000000070a800000| Untracked 
|  61|0x000000070aa00000, 0x000000070aa00000, 0x000000070ac00000|  0%| F|  |TAMS 0x000000070aa00000| PB 0x000000070aa00000| Untracked 
|  62|0x000000070ac00000, 0x000000070ac00000, 0x000000070ae00000|  0%| F|  |TAMS 0x000000070ac00000| PB 0x000000070ac00000| Untracked 
|  63|0x000000070ae00000, 0x000000070ae00000, 0x000000070b000000|  0%| F|  |TAMS 0x000000070ae00000| PB 0x000000070ae00000| Untracked 
|  64|0x000000070b000000, 0x000000070b000000, 0x000000070b200000|  0%| F|  |TAMS 0x000000070b000000| PB 0x000000070b000000| Untracked 
|  65|0x000000070b200000, 0x000000070b200000, 0x000000070b400000|  0%| F|  |TAMS 0x000000070b200000| PB 0x000000070b200000| Untracked 
|  66|0x000000070b400000, 0x000000070b400000, 0x000000070b600000|  0%| F|  |TAMS 0x000000070b400000| PB 0x000000070b400000| Untracked 
|  67|0x000000070b600000, 0x000000070b600000, 0x000000070b800000|  0%| F|  |TAMS 0x000000070b600000| PB 0x000000070b600000| Untracked 
|  68|0x000000070b800000, 0x000000070b800000, 0x000000070ba00000|  0%| F|  |TAMS 0x000000070b800000| PB 0x000000070b800000| Untracked 
|  69|0x000000070ba00000, 0x000000070ba00000, 0x000000070bc00000|  0%| F|  |TAMS 0x000000070ba00000| PB 0x000000070ba00000| Untracked 
|  70|0x000000070bc00000, 0x000000070bc00000, 0x000000070be00000|  0%| F|  |TAMS 0x000000070bc00000| PB 0x000000070bc00000| Untracked 
|  71|0x000000070be00000, 0x000000070be00000, 0x000000070c000000|  0%| F|  |TAMS 0x000000070be00000| PB 0x000000070be00000| Untracked 
|  72|0x000000070c000000, 0x000000070c000000, 0x000000070c200000|  0%| F|  |TAMS 0x000000070c000000| PB 0x000000070c000000| Untracked 
|  73|0x000000070c200000, 0x000000070c200000, 0x000000070c400000|  0%| F|  |TAMS 0x000000070c200000| PB 0x000000070c200000| Untracked 
|  74|0x000000070c400000, 0x000000070c400000, 0x000000070c600000|  0%| F|  |TAMS 0x000000070c400000| PB 0x000000070c400000| Untracked 
|  75|0x000000070c600000, 0x000000070c600000, 0x000000070c800000|  0%| F|  |TAMS 0x000000070c600000| PB 0x000000070c600000| Untracked 
|  76|0x000000070c800000, 0x000000070c800000, 0x000000070ca00000|  0%| F|  |TAMS 0x000000070c800000| PB 0x000000070c800000| Untracked 
|  77|0x000000070ca00000, 0x000000070ca00000, 0x000000070cc00000|  0%| F|  |TAMS 0x000000070ca00000| PB 0x000000070ca00000| Untracked 
|  78|0x000000070cc00000, 0x000000070cc00000, 0x000000070ce00000|  0%| F|  |TAMS 0x000000070cc00000| PB 0x000000070cc00000| Untracked 
|  79|0x000000070ce00000, 0x000000070ce00000, 0x000000070d000000|  0%| F|  |TAMS 0x000000070ce00000| PB 0x000000070ce00000| Untracked 
|  80|0x000000070d000000, 0x000000070d000000, 0x000000070d200000|  0%| F|  |TAMS 0x000000070d000000| PB 0x000000070d000000| Untracked 
|  81|0x000000070d200000, 0x000000070d200000, 0x000000070d400000|  0%| F|  |TAMS 0x000000070d200000| PB 0x000000070d200000| Untracked 
|  82|0x000000070d400000, 0x000000070d400000, 0x000000070d600000|  0%| F|  |TAMS 0x000000070d400000| PB 0x000000070d400000| Untracked 
|  83|0x000000070d600000, 0x000000070d600000, 0x000000070d800000|  0%| F|  |TAMS 0x000000070d600000| PB 0x000000070d600000| Untracked 
|  84|0x000000070d800000, 0x000000070d800000, 0x000000070da00000|  0%| F|  |TAMS 0x000000070d800000| PB 0x000000070d800000| Untracked 
|  85|0x000000070da00000, 0x000000070da00000, 0x000000070dc00000|  0%| F|  |TAMS 0x000000070da00000| PB 0x000000070da00000| Untracked 
|  86|0x000000070dc00000, 0x000000070dc00000, 0x000000070de00000|  0%| F|  |TAMS 0x000000070dc00000| PB 0x000000070dc00000| Untracked 
|  87|0x000000070de00000, 0x000000070de00000, 0x000000070e000000|  0%| F|  |TAMS 0x000000070de00000| PB 0x000000070de00000| Untracked 
|  88|0x000000070e000000, 0x000000070e000000, 0x000000070e200000|  0%| F|  |TAMS 0x000000070e000000| PB 0x000000070e000000| Untracked 
|  89|0x000000070e200000, 0x000000070e200000, 0x000000070e400000|  0%| F|  |TAMS 0x000000070e200000| PB 0x000000070e200000| Untracked 
|  90|0x000000070e400000, 0x000000070e400000, 0x000000070e600000|  0%| F|  |TAMS 0x000000070e400000| PB 0x000000070e400000| Untracked 
|  91|0x000000070e600000, 0x000000070e600000, 0x000000070e800000|  0%| F|  |TAMS 0x000000070e600000| PB 0x000000070e600000| Untracked 
|  92|0x000000070e800000, 0x000000070e800000, 0x000000070ea00000|  0%| F|  |TAMS 0x000000070e800000| PB 0x000000070e800000| Untracked 
|  93|0x000000070ea00000, 0x000000070ea00000, 0x000000070ec00000|  0%| F|  |TAMS 0x000000070ea00000| PB 0x000000070ea00000| Untracked 
|  94|0x000000070ec00000, 0x000000070ec00000, 0x000000070ee00000|  0%| F|  |TAMS 0x000000070ec00000| PB 0x000000070ec00000| Untracked 
|  95|0x000000070ee00000, 0x000000070ee00000, 0x000000070f000000|  0%| F|  |TAMS 0x000000070ee00000| PB 0x000000070ee00000| Untracked 
|  96|0x000000070f000000, 0x000000070f000000, 0x000000070f200000|  0%| F|  |TAMS 0x000000070f000000| PB 0x000000070f000000| Untracked 
|  97|0x000000070f200000, 0x000000070f200000, 0x000000070f400000|  0%| F|  |TAMS 0x000000070f200000| PB 0x000000070f200000| Untracked 
|  98|0x000000070f400000, 0x000000070f400000, 0x000000070f600000|  0%| F|  |TAMS 0x000000070f400000| PB 0x000000070f400000| Untracked 
|  99|0x000000070f600000, 0x000000070f600000, 0x000000070f800000|  0%| F|  |TAMS 0x000000070f600000| PB 0x000000070f600000| Untracked 
| 100|0x000000070f800000, 0x000000070f800000, 0x000000070fa00000|  0%| F|  |TAMS 0x000000070f800000| PB 0x000000070f800000| Untracked 
| 101|0x000000070fa00000, 0x000000070fa00000, 0x000000070fc00000|  0%| F|  |TAMS 0x000000070fa00000| PB 0x000000070fa00000| Untracked 
| 102|0x000000070fc00000, 0x000000070fc00000, 0x000000070fe00000|  0%| F|  |TAMS 0x000000070fc00000| PB 0x000000070fc00000| Untracked 
| 103|0x000000070fe00000, 0x000000070fe00000, 0x0000000710000000|  0%| F|  |TAMS 0x000000070fe00000| PB 0x000000070fe00000| Untracked 
| 104|0x0000000710000000, 0x0000000710000000, 0x0000000710200000|  0%| F|  |TAMS 0x0000000710000000| PB 0x0000000710000000| Untracked 
| 105|0x0000000710200000, 0x0000000710200000, 0x0000000710400000|  0%| F|  |TAMS 0x0000000710200000| PB 0x0000000710200000| Untracked 
| 106|0x0000000710400000, 0x0000000710400000, 0x0000000710600000|  0%| F|  |TAMS 0x0000000710400000| PB 0x0000000710400000| Untracked 
| 107|0x0000000710600000, 0x000000071064b960, 0x0000000710800000| 14%| S|CS|TAMS 0x0000000710600000| PB 0x0000000710600000| Complete 
| 108|0x0000000710800000, 0x0000000710a00000, 0x0000000710a00000|100%| S|CS|TAMS 0x0000000710800000| PB 0x0000000710800000| Complete 
| 109|0x0000000710a00000, 0x0000000710a00000, 0x0000000710c00000|  0%| F|  |TAMS 0x0000000710a00000| PB 0x0000000710a00000| Untracked 
| 110|0x0000000710c00000, 0x0000000710c00000, 0x0000000710e00000|  0%| F|  |TAMS 0x0000000710c00000| PB 0x0000000710c00000| Untracked 
| 111|0x0000000710e00000, 0x0000000710e00000, 0x0000000711000000|  0%| F|  |TAMS 0x0000000710e00000| PB 0x0000000710e00000| Untracked 
| 112|0x0000000711000000, 0x0000000711000000, 0x0000000711200000|  0%| F|  |TAMS 0x0000000711000000| PB 0x0000000711000000| Untracked 
| 113|0x0000000711200000, 0x0000000711200000, 0x0000000711400000|  0%| F|  |TAMS 0x0000000711200000| PB 0x0000000711200000| Untracked 
| 114|0x0000000711400000, 0x0000000711400000, 0x0000000711600000|  0%| F|  |TAMS 0x0000000711400000| PB 0x0000000711400000| Untracked 
| 115|0x0000000711600000, 0x000000071169e0a0, 0x0000000711800000| 30%| E|  |TAMS 0x0000000711600000| PB 0x0000000711600000| Complete 
| 116|0x0000000711800000, 0x0000000711a00000, 0x0000000711a00000|100%| E|CS|TAMS 0x0000000711800000| PB 0x0000000711800000| Complete 
| 117|0x0000000711a00000, 0x0000000711c00000, 0x0000000711c00000|100%| E|CS|TAMS 0x0000000711a00000| PB 0x0000000711a00000| Complete 
| 118|0x0000000711c00000, 0x0000000711e00000, 0x0000000711e00000|100%| E|CS|TAMS 0x0000000711c00000| PB 0x0000000711c00000| Complete 
| 119|0x0000000711e00000, 0x0000000712000000, 0x0000000712000000|100%| E|CS|TAMS 0x0000000711e00000| PB 0x0000000711e00000| Complete 
| 120|0x0000000712000000, 0x0000000712200000, 0x0000000712200000|100%| E|CS|TAMS 0x0000000712000000| PB 0x0000000712000000| Complete 
| 121|0x0000000712200000, 0x0000000712400000, 0x0000000712400000|100%| E|CS|TAMS 0x0000000712200000| PB 0x0000000712200000| Complete 
| 122|0x0000000712400000, 0x0000000712600000, 0x0000000712600000|100%| E|CS|TAMS 0x0000000712400000| PB 0x0000000712400000| Complete 
| 123|0x0000000712600000, 0x0000000712800000, 0x0000000712800000|100%| E|CS|TAMS 0x0000000712600000| PB 0x0000000712600000| Complete 
| 124|0x0000000712800000, 0x0000000712a00000, 0x0000000712a00000|100%| E|CS|TAMS 0x0000000712800000| PB 0x0000000712800000| Complete 
| 125|0x0000000712a00000, 0x0000000712c00000, 0x0000000712c00000|100%| E|CS|TAMS 0x0000000712a00000| PB 0x0000000712a00000| Complete 
| 126|0x0000000712c00000, 0x0000000712e00000, 0x0000000712e00000|100%| E|CS|TAMS 0x0000000712c00000| PB 0x0000000712c00000| Complete 

Card table byte_map: [0x0000028a21320000,0x0000028a21b10000] _byte_map_base: 0x0000028a1db08000

Marking Bits: (CMBitMap*) 0x0000028a08ffc190
 Bits: [0x0000028a22300000, 0x0000028a26240000)

Polling page: 0x0000028a08f10000

Metaspace:

Usage:
  Non-class:     12.81 MB used.
      Class:      1.71 MB used.
       Both:     14.53 MB used.

Virtual space:
  Non-class space:       64.00 MB reserved,      12.94 MB ( 20%) committed,  1 nodes.
      Class space:        1.00 GB reserved,       1.81 MB ( <1%) committed,  1 nodes.
             Both:        1.06 GB reserved,      14.75 MB (  1%) committed. 

Chunk freelists:
   Non-Class:  2.42 MB
       Class:  2.03 MB
        Both:  4.45 MB

MaxMetaspaceSize: unlimited
CompressedClassSpaceSize: 1.00 GB
Initial GC threshold: 21.00 MB
Current GC threshold: 21.00 MB
CDS: on
MetaspaceReclaimPolicy: balanced
 - commit_granule_bytes: 65536.
 - commit_granule_words: 8192.
 - virtual_space_node_default_size: 8388608.
 - enlarge_chunks_in_place: 1.
 - new_chunks_are_fully_committed: 0.
 - uncommit_free_chunks: 1.
 - use_allocation_guard: 0.


Internal statistics:

num_allocs_failed_limit: 0.
num_arena_births: 150.
num_arena_deaths: 0.
num_vsnodes_births: 2.
num_vsnodes_deaths: 0.
num_space_committed: 236.
num_space_uncommitted: 0.
num_chunks_returned_to_freelist: 0.
num_chunks_taken_from_freelist: 633.
num_chunk_merges: 0.
num_chunk_splits: 457.
num_chunks_enlarged: 378.
num_inconsistent_stats: 0.

CodeHeap 'non-profiled nmethods': size=120000Kb used=1118Kb max_used=1118Kb free=118881Kb
 bounds [0x0000028a18ba0000, 0x0000028a18e10000, 0x0000028a200d0000]
CodeHeap 'profiled nmethods': size=120000Kb used=5656Kb max_used=5656Kb free=114344Kb
 bounds [0x0000028a110d0000, 0x0000028a11660000, 0x0000028a18600000]
CodeHeap 'non-nmethods': size=5760Kb used=1458Kb max_used=1496Kb free=4301Kb
 bounds [0x0000028a18600000, 0x0000028a18870000, 0x0000028a18ba0000]
 total_blobs=3386 nmethods=2896 adapters=400
 compilation: enabled
              stopped_count=0, restarted_count=0
 full_count=0

Compilation events (20 events):
Event: 1.546 Thread 0x0000028a28d225f0 2684       3       java.util.Arrays$ArrayList::indexOf (62 bytes)
Event: 1.546 Thread 0x0000028a28d1fc40 nmethod 2677 0x0000028a18c99190 code [0x0000028a18c99320, 0x0000028a18c99508]
Event: 1.546 Thread 0x0000028a28d225f0 nmethod 2684 0x0000028a115d8110 code [0x0000028a115d82e0, 0x0000028a115d8780]
Event: 1.546 Thread 0x0000028a28d225f0 2685       1       org.codehaus.plexus.util.xml.Xpp3Dom::getValue (5 bytes)
Event: 1.547 Thread 0x0000028a28d1fc40 2681       4       org.codehaus.plexus.util.xml.pull.MXParser::parseEndTag (429 bytes)
Event: 1.547 Thread 0x0000028a28d225f0 nmethod 2685 0x0000028a18c99690 code [0x0000028a18c99800, 0x0000028a18c998d0]
Event: 1.547 Thread 0x0000028a28d225f0 2686       1       org.codehaus.plexus.util.xml.Xpp3Dom::getName (5 bytes)
Event: 1.547 Thread 0x0000028a28d225f0 nmethod 2686 0x0000028a18c99990 code [0x0000028a18c99b00, 0x0000028a18c99bd0]
Event: 1.547 Thread 0x0000028a28d225f0 2687       3       java.lang.invoke.LambdaFormEditor$TransformKey::of (49 bytes)
Event: 1.548 Thread 0x0000028a28d225f0 nmethod 2687 0x0000028a115d8910 code [0x0000028a115d8b00, 0x0000028a115d9048]
Event: 1.548 Thread 0x0000028a28d225f0 2683       3       java.util.Arrays$ArrayList::contains (14 bytes)
Event: 1.549 Thread 0x0000028a28d225f0 nmethod 2683 0x0000028a115d9210 code [0x0000028a115d93a0, 0x0000028a115d9548]
Event: 1.549 Thread 0x0000028a28d225f0 2689       3       org.apache.maven.model.InputLocation::<init> (30 bytes)
Event: 1.550 Thread 0x0000028a28d225f0 nmethod 2689 0x0000028a115d9610 code [0x0000028a115d97a0, 0x0000028a115d9980]
Event: 1.553 Thread 0x0000028a28d225f0 2691       3       org.apache.maven.model.io.xpp3.MavenXpp3ReaderEx::interpolatedTrimmed (16 bytes)
Event: 1.553 Thread 0x0000028a28d225f0 nmethod 2691 0x0000028a115d9a90 code [0x0000028a115d9c40, 0x0000028a115d9ed0]
Event: 1.553 Thread 0x0000028a28d225f0 2692       3       org.apache.maven.model.io.xpp3.MavenXpp3ReaderEx$1::transform (2 bytes)
Event: 1.553 Thread 0x0000028a28d225f0 nmethod 2692 0x0000028a115da090 code [0x0000028a115da220, 0x0000028a115da330]
Event: 1.553 Thread 0x0000028a28d225f0 2693       3       org.apache.maven.model.Dependency::setLocation (390 bytes)
Event: 1.554 Thread 0x0000028a6ed04f90 nmethod 2678 0x0000028a18c99c90 code [0x0000028a18c99e20, 0x0000028a18c9a708]

GC Heap History (4 events):
Event: 0.554 GC heap before
{Heap before GC invocations=0 (full 0):
 garbage-first heap   total 260096K, used 22528K [0x0000000703000000, 0x0000000800000000)
  region size 2048K, 11 young (22528K), 0 survivors (0K)
 Metaspace       used 5607K, committed 5824K, reserved 1114112K
  class space    used 645K, committed 768K, reserved 1048576K
}
Event: 0.558 GC heap after
{Heap after GC invocations=1 (full 0):
 garbage-first heap   total 260096K, used 3906K [0x0000000703000000, 0x0000000800000000)
  region size 2048K, 2 young (4096K), 2 survivors (4096K)
 Metaspace       used 5607K, committed 5824K, reserved 1114112K
  class space    used 645K, committed 768K, reserved 1048576K
}
Event: 1.111 GC heap before
{Heap before GC invocations=1 (full 0):
 garbage-first heap   total 260096K, used 36674K [0x0000000703000000, 0x0000000800000000)
  region size 2048K, 18 young (36864K), 2 survivors (4096K)
 Metaspace       used 10667K, committed 10816K, reserved 1114112K
  class space    used 1264K, committed 1344K, reserved 1048576K
}
Event: 1.115 GC heap after
{Heap after GC invocations=2 (full 0):
 garbage-first heap   total 260096K, used 6033K [0x0000000703000000, 0x0000000800000000)
  region size 2048K, 2 young (4096K), 2 survivors (4096K)
 Metaspace       used 10667K, committed 10816K, reserved 1114112K
  class space    used 1264K, committed 1344K, reserved 1048576K
}

Dll operation events (8 events):
Event: 0.009 Loaded shared library C:\Program Files\Java\jdk-20\bin\java.dll
Event: 0.027 Loaded shared library C:\Program Files\Java\jdk-20\bin\jsvml.dll
Event: 0.059 Loaded shared library C:\Program Files\Java\jdk-20\bin\net.dll
Event: 0.063 Loaded shared library C:\Program Files\Java\jdk-20\bin\nio.dll
Event: 0.066 Loaded shared library C:\Program Files\Java\jdk-20\bin\zip.dll
Event: 0.160 Loaded shared library C:\Program Files\Java\jdk-20\bin\jimage.dll
Event: 0.169 Loaded shared library C:\Users\resr\Downloads\apache-maven-3.9.4-bin\apache-maven-3.9.4\lib\jansi-native\Windows\x86_64\jansi.dll
Event: 0.182 Loaded shared library C:\Program Files\Java\jdk-20\bin\verify.dll

Deoptimization events (20 events):
Event: 1.510 Thread 0x0000028a08f8be10 Uncommon trap: trap_request=0xffffff45 fr.pc=0x0000028a18c00e7c relative=0x0000000000000a1c
Event: 1.510 Thread 0x0000028a08f8be10 Uncommon trap: reason=unstable_if action=reinterpret pc=0x0000028a18c00e7c method=org.codehaus.plexus.util.xml.pull.MXParser.nextImpl()I @ 973 c2
Event: 1.510 Thread 0x0000028a08f8be10 DEOPT PACKING pc=0x0000028a18c00e7c sp=0x000000e2e2ffe3d0
Event: 1.510 Thread 0x0000028a08f8be10 DEOPT UNPACKING pc=0x0000028a18669d22 sp=0x000000e2e2ffe358 mode 2
Event: 1.511 Thread 0x0000028a08f8be10 Uncommon trap: trap_request=0xffffff45 fr.pc=0x0000028a18be613c relative=0x000000000000059c
Event: 1.511 Thread 0x0000028a08f8be10 Uncommon trap: reason=unstable_if action=reinterpret pc=0x0000028a18be613c method=java.lang.AbstractStringBuilder.append(Ljava/lang/String;)Ljava/lang/AbstractStringBuilder; @ 1 c2
Event: 1.511 Thread 0x0000028a08f8be10 DEOPT PACKING pc=0x0000028a18be613c sp=0x000000e2e2ffe6e0
Event: 1.511 Thread 0x0000028a08f8be10 DEOPT UNPACKING pc=0x0000028a18669d22 sp=0x000000e2e2ffe660 mode 2
Event: 1.512 Thread 0x0000028a08f8be10 Uncommon trap: trap_request=0xffffff45 fr.pc=0x0000028a18be22b4 relative=0x0000000000000594
Event: 1.512 Thread 0x0000028a08f8be10 Uncommon trap: reason=unstable_if action=reinterpret pc=0x0000028a18be22b4 method=java.lang.AbstractStringBuilder.append(Ljava/lang/String;)Ljava/lang/AbstractStringBuilder; @ 1 c2
Event: 1.512 Thread 0x0000028a08f8be10 DEOPT PACKING pc=0x0000028a18be22b4 sp=0x000000e2e2ffe680
Event: 1.512 Thread 0x0000028a08f8be10 DEOPT UNPACKING pc=0x0000028a18669d22 sp=0x000000e2e2ffe668 mode 2
Event: 1.544 Thread 0x0000028a08f8be10 Uncommon trap: trap_request=0xfffffff4 fr.pc=0x0000028a18c81548 relative=0x00000000000008a8
Event: 1.544 Thread 0x0000028a08f8be10 Uncommon trap: reason=null_check action=make_not_entrant pc=0x0000028a18c81548 method=java.util.ArrayList.add(Ljava/lang/Object;[Ljava/lang/Object;I)V @ 14 c2
Event: 1.544 Thread 0x0000028a08f8be10 DEOPT PACKING pc=0x0000028a18c81548 sp=0x000000e2e2ffe000
Event: 1.544 Thread 0x0000028a08f8be10 DEOPT UNPACKING pc=0x0000028a18669d22 sp=0x000000e2e2ffdf68 mode 2
Event: 1.546 Thread 0x0000028a08f8be10 Uncommon trap: trap_request=0xffffff45 fr.pc=0x0000028a18c35e68 relative=0x0000000000000648
Event: 1.546 Thread 0x0000028a08f8be10 Uncommon trap: reason=unstable_if action=reinterpret pc=0x0000028a18c35e68 method=java.lang.String.replace(CC)Ljava/lang/String; @ 2 c2
Event: 1.547 Thread 0x0000028a08f8be10 DEOPT PACKING pc=0x0000028a18c35e68 sp=0x000000e2e2ffe6b0
Event: 1.547 Thread 0x0000028a08f8be10 DEOPT UNPACKING pc=0x0000028a18669d22 sp=0x000000e2e2ffe660 mode 2

Classes loaded (20 events):
Event: 1.537 Loading class java/nio/file/AccessMode
Event: 1.537 Loading class java/nio/file/AccessMode done
Event: 1.537 Loading class sun/nio/fs/WindowsFileSystemProvider$1
Event: 1.537 Loading class sun/nio/fs/WindowsFileSystemProvider$1 done
Event: 1.538 Loading class sun/nio/ch/FileLockImpl
Event: 1.538 Loading class sun/nio/ch/FileLockImpl done
Event: 1.538 Loading class sun/nio/ch/FileLockTable
Event: 1.538 Loading class sun/nio/ch/FileLockTable done
Event: 1.538 Loading class sun/nio/ch/FileKey
Event: 1.538 Loading class sun/nio/ch/FileKey done
Event: 1.538 Loading class sun/nio/ch/FileLockTable$FileLockReference
Event: 1.538 Loading class sun/nio/ch/FileLockTable$FileLockReference done
Event: 1.538 Loading class java/nio/channels/spi/AbstractInterruptibleChannel$1
Event: 1.538 Loading class sun/nio/ch/Interruptible
Event: 1.538 Loading class sun/nio/ch/Interruptible done
Event: 1.538 Loading class java/nio/channels/spi/AbstractInterruptibleChannel$1 done
Event: 1.539 Loading class java/util/AbstractMap$2
Event: 1.539 Loading class java/util/AbstractMap$2 done
Event: 1.539 Loading class java/util/AbstractMap$2$1
Event: 1.539 Loading class java/util/AbstractMap$2$1 done

Classes unloaded (0 events):
No events

Classes redefined (0 events):
No events

Internal exceptions (20 events):
Event: 0.464 Thread 0x0000028a08f8be10 Exception <a 'java/lang/NoSuchMethodError'{0x0000000711ccc810}: 'java.lang.Object java.lang.invoke.DirectMethodHandle$Holder.newInvokeSpecial(java.lang.Object, java.lang.Object, java.lang.Object, java.lang.Object, java.lang.Object)'> (0x0000000711ccc810) 
thrown [s\open\src\hotspot\share\interpreter\linkResolver.cpp, line 773]
Event: 0.488 Thread 0x0000028a08f8be10 Exception <a 'java/lang/NoSuchMethodError'{0x0000000711dc5d08}: 'int java.lang.invoke.DirectMethodHandle$Holder.invokeStaticInit(java.lang.Object, java.lang.Object)'> (0x0000000711dc5d08) 
thrown [s\open\src\hotspot\share\interpreter\linkResolver.cpp, line 773]
Event: 0.495 Thread 0x0000028a08f8be10 Exception <a 'java/lang/NoClassDefFoundError'{0x0000000711dfa798}: javax/enterprise/inject/Typed> (0x0000000711dfa798) 
thrown [s\open\src\hotspot\share\classfile\systemDictionary.cpp, line 294]
Event: 1.096 Thread 0x0000028a08f8be10 Exception <a 'java/lang/NoSuchMethodError'{0x0000000710b152a8}: 'void java.lang.invoke.DirectMethodHandle$Holder.invokeStaticInit(java.lang.Object, java.lang.Object, java.lang.Object)'> (0x0000000710b152a8) 
thrown [s\open\src\hotspot\share\interpreter\linkResolver.cpp, line 773]
Event: 1.100 Thread 0x0000028a08f8be10 Exception <a 'java/lang/ExceptionInInitializerError'{0x0000000710b3ea90}> (0x0000000710b3ea90) 
thrown [s\open\src\hotspot\share\oops\instanceKlass.cpp, line 1160]
Event: 1.126 Thread 0x0000028a08f8be10 Exception <a 'java/lang/NoSuchMethodError'{0x0000000712c4b7b8}: 'long java.lang.invoke.DirectMethodHandle$Holder.invokeStatic(java.lang.Object, java.lang.Object, int)'> (0x0000000712c4b7b8) 
thrown [s\open\src\hotspot\share\interpreter\linkResolver.cpp, line 773]
Event: 1.127 Thread 0x0000028a08f8be10 Exception <a 'java/lang/NoSuchMethodError'{0x0000000712c5e850}: 'java.lang.Object java.lang.invoke.DirectMethodHandle$Holder.invokeStatic(java.lang.Object, java.lang.Object, java.lang.Object, java.lang.Object, int)'> (0x0000000712c5e850) 
thrown [s\open\src\hotspot\share\interpreter\linkResolver.cpp, line 773]
Event: 1.127 Thread 0x0000028a08f8be10 Exception <a 'java/lang/NoSuchMethodError'{0x0000000712c66768}: 'java.lang.Object java.lang.invoke.DirectMethodHandle$Holder.invokeSpecial(java.lang.Object, java.lang.Object, java.lang.Object, java.lang.Object, long)'> (0x0000000712c66768) 
thrown [s\open\src\hotspot\share\interpreter\linkResolver.cpp, line 773]
Event: 1.129 Thread 0x0000028a08f8be10 Exception <a 'java/lang/NoSuchMethodError'{0x0000000712c72000}: 'java.lang.Object java.lang.invoke.DirectMethodHandle$Holder.invokeSpecial(java.lang.Object, java.lang.Object, java.lang.Object, int, java.lang.Object)'> (0x0000000712c72000) 
thrown [s\open\src\hotspot\share\interpreter\linkResolver.cpp, line 773]
Event: 1.130 Thread 0x0000028a08f8be10 Exception <a 'java/lang/NoSuchMethodError'{0x0000000712c7a120}: 'int java.lang.invoke.DirectMethodHandle$Holder.invokeSpecial(java.lang.Object, java.lang.Object, java.lang.Object, int)'> (0x0000000712c7a120) 
thrown [s\open\src\hotspot\share\interpreter\linkResolver.cpp, line 773]
Event: 1.133 Thread 0x0000028a08f8be10 Implicit null exception at 0x0000028a18c42520 to 0x0000028a18c42678
Event: 1.135 Thread 0x0000028a08f8be10 Exception <a 'java/lang/NoSuchMethodError'{0x0000000712c9ebf8}: 'java.lang.Object java.lang.invoke.Invokers$Holder.invokeExact_MT(java.lang.Object, int, java.lang.Object)'> (0x0000000712c9ebf8) 
thrown [s\open\src\hotspot\share\interpreter\linkResolver.cpp, line 773]
Event: 1.143 Thread 0x0000028a08f8be10 Exception <a 'java/lang/NoSuchMethodError'{0x0000000712d60a90}: 'void java.lang.invoke.DirectMethodHandle$Holder.invokeStatic(java.lang.Object, java.lang.Object)'> (0x0000000712d60a90) 
thrown [s\open\src\hotspot\share\interpreter\linkResolver.cpp, line 773]
Event: 1.326 Thread 0x0000028a08f8be10 Exception <a 'java/lang/NoSuchMethodError'{0x00000007124c8d78}: 'void java.lang.invoke.Invokers$Holder.invokeExact_MT(java.lang.Object, java.lang.Object, java.lang.Object, java.lang.Object)'> (0x00000007124c8d78) 
thrown [s\open\src\hotspot\share\interpreter\linkResolver.cpp, line 773]
Event: 1.341 Thread 0x0000028a08f8be10 Exception <a 'java/lang/NoClassDefFoundError'{0x0000000712558e10}: com/google/inject/servlet/ServletModuleTargetVisitor> (0x0000000712558e10) 
thrown [s\open\src\hotspot\share\classfile\systemDictionary.cpp, line 294]
Event: 1.396 Thread 0x0000028a08f8be10 Exception <a 'java/lang/NoSuchMethodError'{0x000000071230f570}: 'void java.lang.invoke.DirectMethodHandle$Holder.invokeVirtual(java.lang.Object, java.lang.Object)'> (0x000000071230f570) 
thrown [s\open\src\hotspot\share\interpreter\linkResolver.cpp, line 773]
Event: 1.413 Thread 0x0000028a08f8be10 Exception <a 'java/lang/NoSuchMethodError'{0x000000071238e5c0}: 'java.lang.Object java.lang.invoke.DirectMethodHandle$Holder.invokeStaticInit(java.lang.Object, int, int, int, int)'> (0x000000071238e5c0) 
thrown [s\open\src\hotspot\share\interpreter\linkResolver.cpp, line 773]
Event: 1.511 Thread 0x0000028a08f8be10 Implicit null exception at 0x0000028a18be5be0 to 0x0000028a18be6124
Event: 1.512 Thread 0x0000028a08f8be10 Implicit null exception at 0x0000028a18be1d60 to 0x0000028a18be229c
Event: 1.544 Thread 0x0000028a08f8be10 Implicit null exception at 0x0000028a18c80d32 to 0x0000028a18c81530

VM Operations (20 events):
Event: 1.211 Executing VM operation: HandshakeAllThreads
Event: 1.211 Executing VM operation: HandshakeAllThreads done
Event: 1.323 Executing VM operation: HandshakeAllThreads
Event: 1.323 Executing VM operation: HandshakeAllThreads done
Event: 1.404 Executing VM operation: HandshakeAllThreads
Event: 1.404 Executing VM operation: HandshakeAllThreads done
Event: 1.410 Executing VM operation: ICBufferFull
Event: 1.410 Executing VM operation: ICBufferFull done
Event: 1.424 Executing VM operation: HandshakeAllThreads
Event: 1.424 Executing VM operation: HandshakeAllThreads done
Event: 1.450 Executing VM operation: HandshakeAllThreads
Event: 1.450 Executing VM operation: HandshakeAllThreads done
Event: 1.485 Executing VM operation: HandshakeAllThreads
Event: 1.485 Executing VM operation: HandshakeAllThreads done
Event: 1.530 Executing VM operation: HandshakeAllThreads
Event: 1.530 Executing VM operation: HandshakeAllThreads done
Event: 1.531 Executing VM operation: HandshakeAllThreads
Event: 1.531 Executing VM operation: HandshakeAllThreads done
Event: 1.531 Executing VM operation: HandshakeAllThreads
Event: 1.531 Executing VM operation: HandshakeAllThreads done

Events (13 events):
Event: 0.027 Thread 0x0000028a08f8be10 Thread added: 0x0000028a08f8be10
Event: 0.041 Thread 0x0000028a28d158f0 Thread added: 0x0000028a28d158f0
Event: 0.041 Thread 0x0000028a28d16230 Thread added: 0x0000028a28d16230
Event: 0.042 Thread 0x0000028a28d17310 Thread added: 0x0000028a28d17310
Event: 0.042 Thread 0x0000028a28d1c3a0 Thread added: 0x0000028a28d1c3a0
Event: 0.042 Thread 0x0000028a28d1ce10 Thread added: 0x0000028a28d1ce10
Event: 0.042 Thread 0x0000028a28d1d880 Thread added: 0x0000028a28d1d880
Event: 0.042 Thread 0x0000028a28d1fc40 Thread added: 0x0000028a28d1fc40
Event: 0.042 Thread 0x0000028a28d225f0 Thread added: 0x0000028a28d225f0
Event: 0.053 Thread 0x0000028a6e1041c0 Thread added: 0x0000028a6e1041c0
Event: 0.055 Thread 0x0000028a6e114e00 Thread added: 0x0000028a6e114e00
Event: 0.283 Thread 0x0000028a6e5d4750 Thread added: 0x0000028a6e5d4750
Event: 0.522 Thread 0x0000028a6ed04f90 Thread added: 0x0000028a6ed04f90


Dynamic libraries:
0x00007ff7b0230000 - 0x00007ff7b0240000 	C:\Program Files\Java\jdk-20\bin\java.exe
0x00007ffa07800000 - 0x00007ffa07a09000 	C:\WINDOWS\SYSTEM32\ntdll.dll
0x00007ffa06a70000 - 0x00007ffa06b2e000 	C:\WINDOWS\System32\KERNEL32.DLL
0x00007ffa050b0000 - 0x00007ffa05434000 	C:\WINDOWS\System32\KERNELBASE.dll
0x00007ffa04ec0000 - 0x00007ffa04fd1000 	C:\WINDOWS\System32\ucrtbase.dll
0x00007ffa00680000 - 0x00007ffa00699000 	C:\Program Files\Java\jdk-20\bin\jli.dll
0x00007ff9f4e90000 - 0x00007ff9f4eab000 	C:\Program Files\Java\jdk-20\bin\VCRUNTIME140.dll
0x00007ffa07410000 - 0x00007ffa074bf000 	C:\WINDOWS\System32\ADVAPI32.dll
0x00007ffa07710000 - 0x00007ffa077b3000 	C:\WINDOWS\System32\msvcrt.dll
0x00007ffa07370000 - 0x00007ffa0740e000 	C:\WINDOWS\System32\sechost.dll
0x00007ffa071d0000 - 0x00007ffa072f1000 	C:\WINDOWS\System32\RPCRT4.dll
0x00007ffa06450000 - 0x00007ffa065fd000 	C:\WINDOWS\System32\USER32.dll
0x00007ffa05080000 - 0x00007ffa050a6000 	C:\WINDOWS\System32\win32u.dll
0x00007ff9e6900000 - 0x00007ff9e6ba5000 	C:\WINDOWS\WinSxS\amd64_microsoft.windows.common-controls_6595b64144ccf1df_6.0.22000.120_none_9d947278b86cc467\COMCTL32.dll
0x00007ffa05af0000 - 0x00007ffa05b1a000 	C:\WINDOWS\System32\GDI32.dll
0x00007ffa054c0000 - 0x00007ffa055df000 	C:\WINDOWS\System32\gdi32full.dll
0x00007ffa04fe0000 - 0x00007ffa0507d000 	C:\WINDOWS\System32\msvcp_win.dll
0x00007ff9f5c00000 - 0x00007ff9f5c0a000 	C:\WINDOWS\SYSTEM32\VERSION.dll
0x00007ffa06a20000 - 0x00007ffa06a51000 	C:\WINDOWS\System32\IMM32.DLL
0x0000028a08f30000 - 0x0000028a08f44000 	C:\WINDOWS\System32\umppc17213.dll
0x00007ff9f5d70000 - 0x00007ff9f5d7c000 	C:\Program Files\Java\jdk-20\bin\vcruntime140_1.dll
0x00007ff9c3760000 - 0x00007ff9c37ee000 	C:\Program Files\Java\jdk-20\bin\msvcp140.dll
0x00007ff9821e0000 - 0x00007ff982e78000 	C:\Program Files\Java\jdk-20\bin\server\jvm.dll
0x00007ff9e97d0000 - 0x00007ff9e97d9000 	C:\WINDOWS\SYSTEM32\WSOCK32.dll
0x00007ffa074c0000 - 0x00007ffa0752f000 	C:\WINDOWS\System32\WS2_32.dll
0x00007ff9fd350000 - 0x00007ff9fd383000 	C:\WINDOWS\SYSTEM32\WINMM.dll
0x00007ffa03ba0000 - 0x00007ffa03bb8000 	C:\WINDOWS\SYSTEM32\kernel.appcore.dll
0x00007ff9f56e0000 - 0x00007ff9f56ea000 	C:\Program Files\Java\jdk-20\bin\jimage.dll
0x00007ffa023d0000 - 0x00007ffa025f1000 	C:\WINDOWS\SYSTEM32\DBGHELP.DLL
0x00007ff9f6060000 - 0x00007ff9f6091000 	C:\WINDOWS\SYSTEM32\dbgcore.DLL
0x00007ffa05440000 - 0x00007ffa054bf000 	C:\WINDOWS\System32\bcryptPrimitives.dll
0x00007ff9f1e10000 - 0x00007ff9f1e36000 	C:\Program Files\Java\jdk-20\bin\java.dll
0x00007ff9c1b30000 - 0x00007ff9c1c07000 	C:\Program Files\Java\jdk-20\bin\jsvml.dll
0x00007ffa05c80000 - 0x00007ffa06445000 	C:\WINDOWS\System32\SHELL32.dll
0x00007ffa02a60000 - 0x00007ffa032c2000 	C:\WINDOWS\SYSTEM32\windows.storage.dll
0x00007ffa05650000 - 0x00007ffa059c6000 	C:\WINDOWS\System32\combase.dll
0x00007ffa028b0000 - 0x00007ffa02a17000 	C:\WINDOWS\SYSTEM32\wintypes.dll
0x00007ffa06600000 - 0x00007ffa066ea000 	C:\WINDOWS\System32\SHCORE.dll
0x00007ffa05c00000 - 0x00007ffa05c5d000 	C:\WINDOWS\System32\shlwapi.dll
0x00007ffa04bc0000 - 0x00007ffa04be5000 	C:\WINDOWS\SYSTEM32\profapi.dll
0x00007ff9f4e40000 - 0x00007ff9f4e53000 	C:\Program Files\Java\jdk-20\bin\net.dll
0x00007ffa03bc0000 - 0x00007ffa03cd4000 	C:\WINDOWS\SYSTEM32\WINHTTP.dll
0x00007ffa04160000 - 0x00007ffa041c7000 	C:\WINDOWS\system32\mswsock.dll
0x00007ff9f25b0000 - 0x00007ff9f25c6000 	C:\Program Files\Java\jdk-20\bin\nio.dll
0x00007ff9eafd0000 - 0x00007ff9eafe8000 	C:\Program Files\Java\jdk-20\bin\zip.dll
0x00000000003a0000 - 0x00000000003c4000 	C:\Users\resr\Downloads\apache-maven-3.9.4-bin\apache-maven-3.9.4\lib\jansi-native\Windows\x86_64\jansi.dll
0x00007ff9f56b0000 - 0x00007ff9f56c0000 	C:\Program Files\Java\jdk-20\bin\verify.dll

dbghelp: loaded successfully - version: 4.0.5 - missing functions: none
symbol engine: initialized successfully - sym options: 0x614 - pdb path: .;C:\Program Files\Java\jdk-20\bin;C:\WINDOWS\SYSTEM32;C:\WINDOWS\WinSxS\amd64_microsoft.windows.common-controls_6595b64144ccf1df_6.0.22000.120_none_9d947278b86cc467;C:\Program Files\Java\jdk-20\bin\server;C:\Users\resr\Downloads\apache-maven-3.9.4-bin\apache-maven-3.9.4\lib\jansi-native\Windows\x86_64

VM Arguments:
jvm_args: -Dclassworlds.conf=C:/Users/resr/Downloads/apache-maven-3.9.4-bin/apache-maven-3.9.4/bin/m2.conf -Dmaven.home=C:/Users/resr/Downloads/apache-maven-3.9.4-bin/apache-maven-3.9.4 -Dlibrary.jansi.path=C:/Users/resr/Downloads/apache-maven-3.9.4-bin/apache-maven-3.9.4/lib/jansi-native -Dmaven.multiModuleProjectDirectory=C:/workspace/userService 
java_command: org.codehaus.plexus.classworlds.launcher.Launcher package -DTests=true
java_class_path (initial): C:/Users/resr/Downloads/apache-maven-3.9.4-bin/apache-maven-3.9.4/boot/plexus-classworlds-2.7.0.jar
Launcher Type: SUN_STANDARD

[Global flags]
     intx CICompilerCount                          = 4                                         {product} {ergonomic}
     uint ConcGCThreads                            = 2                                         {product} {ergonomic}
     uint G1ConcRefinementThreads                  = 8                                         {product} {ergonomic}
   size_t G1HeapRegionSize                         = 2097152                                   {product} {ergonomic}
    uintx GCDrainStackTargetSize                   = 64                                        {product} {ergonomic}
   size_t InitialHeapSize                          = 266338304                                 {product} {ergonomic}
   size_t MarkStackSize                            = 4194304                                   {product} {ergonomic}
   size_t MaxHeapSize                              = 4244635648                                {product} {ergonomic}
   size_t MaxNewSize                               = 2545942528                                {product} {ergonomic}
   size_t MinHeapDeltaBytes                        = 2097152                                   {product} {ergonomic}
   size_t MinHeapSize                              = 8388608                                   {product} {ergonomic}
    uintx NonNMethodCodeHeapSize                   = 5839372                                {pd product} {ergonomic}
    uintx NonProfiledCodeHeapSize                  = 122909434                              {pd product} {ergonomic}
    uintx ProfiledCodeHeapSize                     = 122909434                              {pd product} {ergonomic}
    uintx ReservedCodeCacheSize                    = 251658240                              {pd product} {ergonomic}
     bool SegmentedCodeCache                       = true                                      {product} {ergonomic}
   size_t SoftMaxHeapSize                          = 4244635648                             {manageable} {ergonomic}
     bool UseCompressedClassPointers               = true                           {product lp64_product} {ergonomic}
     bool UseCompressedOops                        = true                           {product lp64_product} {ergonomic}
     bool UseG1GC                                  = true                                      {product} {ergonomic}
     bool UseLargePagesIndividualAllocation        = false                                  {pd product} {ergonomic}

Logging:
Log output configuration:
 #0: stdout all=warning uptime,level,tags foldmultilines=false
 #1: stderr all=off uptime,level,tags foldmultilines=false

Environment Variables:
PATH=C:\Users\resr\bin;C:\Program Files\Git\mingw64\bin;C:\Program Files\Git\usr\local\bin;C:\Program Files\Git\usr\bin;C:\Program Files\Git\usr\bin;C:\Program Files\Git\mingw64\bin;C:\Program Files\Git\usr\bin;C:\Users\resr\bin;C:\Program Files\Common Files\Oracle\Java\javapath;C:\Program Files (x86)\Common Files\Oracle\Java\javapath;C:\WINDOWS\system32;C:\WINDOWS;C:\WINDOWS\System32\Wbem;C:\WINDOWS\System32\WindowsPowerShell\v1.0;C:\WINDOWS\System32\OpenSSH;C:\Program Files (x86)\CheckPoint\Endpoint Security\Endpoint Common\bin;C:\Program Files (x86)\Box\Box Edit;C:\Program Files\dotnet;C:\Program Files\WindowsPowerShell\Scripts\HP.ClientScriptLibrary;C:\Program Files\Microsoft SQL Server\150\Tools\Binn;C:\Program Files\Microsoft SQL Server\Client SDK\ODBC\170\Tools\Binn;C:\Program Files\Git\cmd;C:\Program Files\Docker\Docker\resources\bin;C:\Users\resr\Downloads\apache-maven-3.9.4-bin\apache-maven-3.9.4\bin;C:\Users\resr\AppData\Local\Microsoft\WindowsApps;C:\Users\resr\.dotnet\tools;C:\Users\resr\AppData\Local\Programs\Microsoft VS Code\bin;C:\Users\resr\Downloads\apache-maven-3.9.4-bin\apache-maven-3.9.4\bin;C:\Program Files\Git\usr\bin\vendor_perl;C:\Program Files\Git\usr\bin\core_perl
USERNAME=resr
SHELL=C:\Program Files\Git\usr\bin\bash.exe
DISPLAY=needs-to-be-defined
LC_CTYPE=en_US.UTF-8
TERM=xterm
TMPDIR=C:\Users\resr\AppData\Local\Temp
OS=Windows_NT
PROCESSOR_IDENTIFIER=Intel64 Family 6 Model 142 Stepping 12, GenuineIntel
TMP=C:\Users\resr\AppData\Local\Temp
TEMP=C:\Users\resr\AppData\Local\Temp




---------------  S Y S T E M  ---------------

OS:
 Windows 11 , 64 bit Build 22000 (10.0.22000.2124)
OS uptime: 7 days 3:24 hours
Hyper-V role detected

CPU: total 8 (initial active 8) (4 cores per cpu, 2 threads per core) family 6 model 142 stepping 12 microcode 0xf4, cx8, cmov, fxsr, ht, mmx, 3dnowpref, sse, sse2, sse3, ssse3, sse4.1, sse4.2, popcnt, lzcnt, tsc, tscinvbit, avx, avx2, aes, erms, clmul, bmi1, bmi2, adx, fma, vzeroupper, clflush, clflushopt, hv, rdtscp, f16c

Memory: 4k page, system-wide physical 16190M (4618M free)
TotalPageFile size 23868M (AvailPageFile size 4473M)
current process WorkingSet (physical memory assigned to process): 128M, peak: 128M
current process commit charge ("private bytes"): 385M, peak: 385M

vm_info: Java HotSpot(TM) 64-Bit Server VM (20.0.2+9-78) for windows-amd64 JRE (20.0.2+9-78), built on 2023-06-14T10:08:48Z by "mach5one" with MS VC++ 17.1 (VS2022)

END.
